<?xml version="1.0" encoding="UTF-8"?>
<!-- Generated by org.testng.reporters.JUnitReportReporter -->
<testsuite hostname="LAPTOP-GJFA8BNB" failures="0" tests="3" name="fullcreative.HomePage" time="3.918" errors="0" timestamp="2023-10-30T22:55:48 IST" skipped="0">
  <testcase classname="fullcreative.HomePage" name="storyTitle" time="3.623"/>
  <testcase classname="fullcreative.HomePage" name="article" time="0.169"/>
  <testcase classname="fullcreative.HomePage" name="leaders" time="0.126"/>
</testsuite> <!-- fullcreative.HomePage -->
