<?xml version="1.0" encoding="UTF-8"?>
<!-- Generated by org.testng.reporters.JUnitReportReporter -->
<testsuite hostname="LAPTOP-GJFA8BNB" failures="0" tests="1" name="fullcreative.JoinUsPage" time="18.226" errors="0" timestamp="2023-10-30T23:03:08 IST" skipped="0">
  <testcase classname="fullcreative.JoinUsPage" name="searchJob" time="18.226"/>
</testsuite> <!-- fullcreative.JoinUsPage -->
