<?xml version="1.0" encoding="UTF-8"?>
<!-- Generated by org.testng.reporters.JUnitReportReporter -->
<testsuite hostname="LAPTOP-GJFA8BNB" failures="0" tests="3" name="fullcreative.HomePage" time="4.756" errors="0" timestamp="2023-10-30T23:03:08 IST" skipped="0">
  <testcase classname="fullcreative.HomePage" name="storyTitle" time="4.462"/>
  <testcase classname="fullcreative.HomePage" name="article" time="0.173"/>
  <testcase classname="fullcreative.HomePage" name="leaders" time="0.121"/>
</testsuite> <!-- fullcreative.HomePage -->
